<?xml version="1.0" encoding="UTF-8"?>
<TestRun id="dfca9172-2226-47ba-ae24-20eeca396fc5" name="ffl@FANFEILONG 2015-11-13 14:53:35" runUser="FANFEILONG\ffl" xmlns="http://microsoft.com/schemas/VisualStudio/TeamTest/2010">
  <TestSettings name="Local" id="6181a450-e234-4004-aad3-b5b99147c6ba">
    <Description>These are default test settings for a local test run.</Description>
    <Deployment enabled="false" runDeploymentRoot="ffl_FANFEILONG 2015-11-13 14_53_35">
      <DeploymentItem filename="D:\dev\code_git_me\set\src\calculate\calculate\bin\Debug\calculate.exe" />
    </Deployment>
    <Execution>
      <TestTypeSpecific />
      <AgentRule name="Execution Agents">
      </AgentRule>
    </Execution>
  </TestSettings>
  <Times creation="2015-11-13T14:53:35.4651241+08:00" queuing="2015-11-13T14:53:38.1489633+08:00" start="2015-11-13T14:53:38.3372589+08:00" finish="2015-11-13T14:53:39.8784547+08:00" />
  <ResultSummary outcome="Inconclusive">
    <Counters total="1" executed="1" error="0" failed="0" timeout="0" aborted="0" inconclusive="1" passedButRunAborted="0" notRunnable="0" notExecuted="0" disconnected="0" warning="0" passed="0" completed="0" inProgress="0" pending="0" />
  </ResultSummary>
  <TestDefinitions>
    <UnitTest name="ExecuteTest" storage="d:\dev\code_git_me\set\src\calculate\unittest\bin\debug\unittest.dll" id="2b39a67c-b910-a8eb-fcbc-8778d068cbbc">
      <Execution id="9c414034-5a61-40dc-8a07-92f5db52be1b" />
      <TestMethod codeBase="D:/dev/code_git_me/set/src/calculate/UnitTest/bin/Debug/UnitTest.DLL" adapterTypeName="Microsoft.VisualStudio.TestTools.TestTypes.Unit.UnitTestAdapter, Microsoft.VisualStudio.QualityTools.Tips.UnitTest.Adapter, Version=10.0.0.0, Culture=neutral, PublicKeyToken=b03f5f7f11d50a3a" className="UnitTest.CalculateTest, UnitTest, Version=1.0.0.0, Culture=neutral, PublicKeyToken=null" name="ExecuteTest" />
    </UnitTest>
  </TestDefinitions>
  <TestLists>
    <TestList name="Results Not in a List" id="8c84fa94-04c1-424b-9868-57a2d4851a1d" />
    <TestList name="All Loaded Results" id="19431567-8539-422a-85d7-44ee4e166bda" />
  </TestLists>
  <TestEntries>
    <TestEntry testId="2b39a67c-b910-a8eb-fcbc-8778d068cbbc" executionId="9c414034-5a61-40dc-8a07-92f5db52be1b" testListId="8c84fa94-04c1-424b-9868-57a2d4851a1d" />
  </TestEntries>
  <Results>
    <UnitTestResult executionId="9c414034-5a61-40dc-8a07-92f5db52be1b" testId="2b39a67c-b910-a8eb-fcbc-8778d068cbbc" testName="ExecuteTest" computerName="FANFEILONG" duration="00:00:00.1608832" startTime="2015-11-13T14:53:38.5496935+08:00" endTime="2015-11-13T14:53:39.7626269+08:00" testType="13cdc9d9-ddb5-4fa4-a97d-d965ccfc6d4b" outcome="Inconclusive" testListId="8c84fa94-04c1-424b-9868-57a2d4851a1d" relativeResultsDirectory="9c414034-5a61-40dc-8a07-92f5db52be1b">
      <Output>
        <ErrorInfo>
          <Message>Assert.Inconclusive 失败。Verify the correctness of this test method.</Message>
          <StackTrace>   在 UnitTest.CalculateTest.ExecuteTest() 位置 D:\dev\code_git_me\set\src\calculate\UnitTest\CalculateTest.cs:行号 79
</StackTrace>
        </ErrorInfo>
      </Output>
    </UnitTestResult>
  </Results>
</TestRun>